<?xml version="1.0" encoding="UTF-8"?>
<testng-results skipped="0" failed="0" ignored="0" total="1" passed="1">
  <reporter-output>
  </reporter-output>
  <suite name="Default suite" duration-ms="39635" started-at="2019-09-17T17:51:54Z" finished-at="2019-09-17T17:52:34Z">
    <groups>
    </groups>
    <test name="Default test" duration-ms="39635" started-at="2019-09-17T17:51:54Z" finished-at="2019-09-17T17:52:34Z">
      <class name="Senario.SimpleGetTest">
        <test-method status="PASS" signature="GetWeatherDetails()[pri:0, instance:Senario.SimpleGetTest@2b98378d]" name="GetWeatherDetails" duration-ms="39463" started-at="2019-09-17T17:51:54Z" finished-at="2019-09-17T17:52:34Z">
          <reporter-output>
          </reporter-output>
        </test-method> <!-- GetWeatherDetails -->
      </class> <!-- Senario.SimpleGetTest -->
    </test> <!-- Default test -->
  </suite> <!-- Default suite -->
</testng-results>
