<?xml version="1.0" encoding="UTF-8"?>
<!-- Generated by org.testng.reporters.JUnitXMLReporter -->
<testsuite hostname="DESKTOP-8HNAADR" ignored="0" name="Test" tests="1" failures="1" timestamp="07 Sep 2019 17:32:54 GMT" time="7.179" errors="0">
  <testcase name="tc" time="7.071" classname="Senario.NewTest">
    <failure type="java.io.FileNotFoundException" message=".\Data\Data.xlsx (The system cannot find the path specified)">
      <![CDATA[java.io.FileNotFoundException: .\Data\Data.xlsx (The system cannot find the path specified)
at java.io.FileInputStream.open0(Native Method)
at java.io.FileInputStream.open(Unknown Source)
at java.io.FileInputStream.<init>(Unknown Source)
at java.io.FileInputStream.<init>(Unknown Source)
at Senario.NewTest.tc(NewTest.java:31)
... Removed 25 stack frames]]>
    </failure>
  </testcase> <!-- tc -->
</testsuite> <!-- Test -->
